<?xml version="1.0" encoding="UTF-8"?>
<!-- Generated by org.testng.reporters.JUnitXMLReporter -->
<testsuite ignored="0" hostname="DESKTOP-ORVEKOM" failures="0" tests="8" name="Default test" time="14.826" errors="0" timestamp="2025-05-06T15:04:53 GMT+03:00">
  <testcase classname="MyTest" name="LoginTest" time="1.59"/>
  <testcase classname="MyTest" name="OneItem" time="2.311"/>
  <testcase classname="MyTest" name="ProductSort" time="0.288"/>
  <testcase classname="MyTest" name="AddAllItemToTheCart" time="0.695"/>
  <testcase classname="MyTest" name="PrintAllItemsInfo" time="0.529"/>
  <testcase classname="MyTest" name="AddRandomItemToCartTest" time="0.14"/>
  <testcase classname="MyTest" name="CheckoutFlowTest" time="6.223"/>
  <testcase classname="MyTest" name="LogoutTest" time="1.347"/>
</testsuite> <!-- Default test -->
