<?xml version="1.0" encoding="UTF-8"?>
<testng-results ignored="0" total="8" passed="8" failed="0" skipped="0">
  <reporter-output>
  </reporter-output>
  <suite started-at="2025-05-06T15:04:38 GMT+03:00" name="Default suite" finished-at="2025-05-06T15:04:53 GMT+03:00" duration-ms="14826">
    <groups>
    </groups>
    <test started-at="2025-05-06T15:04:38 GMT+03:00" name="Default test" finished-at="2025-05-06T15:04:53 GMT+03:00" duration-ms="14826">
      <class name="MyTest">
        <test-method is-config="true" signature="MySetup()[pri:0, instance:MyTest@5f6722d3]" started-at="2025-05-06T15:04:38 GMT+03:00" name="MySetup" finished-at="2025-05-06T15:04:40 GMT+03:00" duration-ms="1582" status="PASS">
          <reporter-output>
          </reporter-output>
        </test-method> <!-- MySetup -->
        <test-method signature="LoginTest()[pri:1, instance:MyTest@5f6722d3]" started-at="2025-05-06T15:04:40 GMT+03:00" name="LoginTest" finished-at="2025-05-06T15:04:41 GMT+03:00" duration-ms="1590" status="PASS">
          <reporter-output>
          </reporter-output>
        </test-method> <!-- LoginTest -->
        <test-method signature="OneItem()[pri:2, instance:MyTest@5f6722d3]" started-at="2025-05-06T15:04:41 GMT+03:00" name="OneItem" finished-at="2025-05-06T15:04:44 GMT+03:00" duration-ms="2311" status="PASS">
          <reporter-output>
          </reporter-output>
        </test-method> <!-- OneItem -->
        <test-method signature="ProductSort()[pri:3, instance:MyTest@5f6722d3]" started-at="2025-05-06T15:04:44 GMT+03:00" name="ProductSort" finished-at="2025-05-06T15:04:44 GMT+03:00" duration-ms="288" status="PASS">
          <reporter-output>
          </reporter-output>
        </test-method> <!-- ProductSort -->
        <test-method signature="AddAllItemToTheCart()[pri:4, instance:MyTest@5f6722d3]" started-at="2025-05-06T15:04:44 GMT+03:00" name="AddAllItemToTheCart" finished-at="2025-05-06T15:04:45 GMT+03:00" duration-ms="695" status="PASS">
          <reporter-output>
          </reporter-output>
        </test-method> <!-- AddAllItemToTheCart -->
        <test-method signature="PrintAllItemsInfo()[pri:5, instance:MyTest@5f6722d3]" started-at="2025-05-06T15:04:45 GMT+03:00" name="PrintAllItemsInfo" finished-at="2025-05-06T15:04:45 GMT+03:00" duration-ms="529" status="PASS">
          <reporter-output>
          </reporter-output>
        </test-method> <!-- PrintAllItemsInfo -->
        <test-method signature="AddRandomItemToCartTest()[pri:6, instance:MyTest@5f6722d3]" started-at="2025-05-06T15:04:45 GMT+03:00" name="AddRandomItemToCartTest" finished-at="2025-05-06T15:04:45 GMT+03:00" duration-ms="140" status="PASS">
          <reporter-output>
          </reporter-output>
        </test-method> <!-- AddRandomItemToCartTest -->
        <test-method signature="CheckoutFlowTest()[pri:7, instance:MyTest@5f6722d3]" started-at="2025-05-06T15:04:45 GMT+03:00" name="CheckoutFlowTest" finished-at="2025-05-06T15:04:52 GMT+03:00" duration-ms="6223" status="PASS">
          <reporter-output>
          </reporter-output>
        </test-method> <!-- CheckoutFlowTest -->
        <test-method signature="LogoutTest()[pri:8, instance:MyTest@5f6722d3]" started-at="2025-05-06T15:04:52 GMT+03:00" name="LogoutTest" finished-at="2025-05-06T15:04:53 GMT+03:00" duration-ms="1347" status="PASS">
          <reporter-output>
          </reporter-output>
        </test-method> <!-- LogoutTest -->
      </class> <!-- MyTest -->
    </test> <!-- Default test -->
  </suite> <!-- Default suite -->
</testng-results>
